<?xml version="1.0" encoding="UTF-8"?>
<!-- Generated by org.testng.reporters.JUnitReportReporter -->
<testsuite hostname="ISCHLAPHP17106" name="com.sampleproject.TestCase.logintestcase" tests="2" failures="0" timestamp="5 Apr 2019 13:41:41 GMT" time="49.837" errors="0">
  <testcase name="validateloginofFreeCRM" time="21.745" classname="com.sampleproject.TestCase.logintestcase"/>
  <testcase name="logindetails" time="28.092" classname="com.sampleproject.TestCase.logintestcase"/>
</testsuite> <!-- com.sampleproject.TestCase.logintestcase -->
