<?xml version="1.0" encoding="UTF-8"?>
<!-- Generated by org.testng.reporters.JUnitReportReporter -->
<testsuite hostname="ISCHLAPHP17106" name="com.sampleproject.TestCase.logintestcase" tests="2" failures="0" timestamp="12 Apr 2019 11:58:47 GMT" time="50.072" errors="0">
  <testcase name="validateloginofFreeCRM" time="19.714" classname="com.sampleproject.TestCase.logintestcase"/>
  <testcase name="logindetails" time="30.358" classname="com.sampleproject.TestCase.logintestcase"/>
</testsuite> <!-- com.sampleproject.TestCase.logintestcase -->
